Summary of SPARK analysis
=========================

-------------------------------------------------------------------------------------------------------
SPARK Analysis results        Total       Flow   Interval   CodePeer     Provers   Justified   Unproved
-------------------------------------------------------------------------------------------------------
Data Dependencies                 .          .          .          .           .           .          .
Flow Dependencies                 .          .          .          .           .           .          .
Initialization                    5          5          .          .           .           .          .
Non-Aliasing                      .          .          .          .           .           .          .
Run-time Checks                  30          .          .          .     30 (Z3)           .          .
Assertions                        6          .          .          .      6 (Z3)           .          .
Functional Contracts              5          .          .          .      5 (Z3)           .          .
LSP Verification                  .          .          .          .           .           .          .
-------------------------------------------------------------------------------------------------------
Total                            46    5 (11%)          .          .    41 (89%)           .          .


Analyzed 2 units
in unit main, 0 subprograms and packages out of 1 analyzed
  Main at main.adb:4 skipped
in unit selectionsorted, 4 subprograms and packages out of 4 analyzed
  SelectionSorted at selectionsorted.ads:1 flow analyzed (0 errors and 0 warnings) and proved (0 checks)
  SelectionSorted.Min_Index at selectionsorted.ads:12 flow analyzed (0 errors and 0 warnings) and proved (13 checks)
  SelectionSorted.SelectionSort at selectionsorted.ads:17 flow analyzed (0 errors and 0 warnings) and proved (19 checks)
  SelectionSorted.Swap at selectionsorted.ads:7 flow analyzed (0 errors and 0 warnings) and proved (9 checks)
