selectionsorted.adb:6:23: info: index check proved[#21]
selectionsorted.adb:8:09: info: index check proved[#14]
selectionsorted.adb:8:17: info: index check proved[#44]
selectionsorted.adb:9:09: info: index check proved[#39]
selectionsorted.adb:9:15: info: initialization of "N" proved[#4]
selectionsorted.adb:14:07: info: range check proved[#24]
selectionsorted.adb:14:36: info: range check proved[#29]
selectionsorted.adb:17:27: info: overflow check proved[#30]
selectionsorted.adb:18:19: info: index check proved[#18]
selectionsorted.adb:18:26: info: initialization of "N" proved[#0]
selectionsorted.adb:19:21: info: range check proved[#28]
selectionsorted.adb:21:35: info: loop invariant preservation proved[#6]
selectionsorted.adb:21:35: info: loop invariant initialization proved[#11]
selectionsorted.adb:21:67: info: initialization of "N" proved[#1]
selectionsorted.adb:21:67: info: index check proved[#17]
selectionsorted.adb:21:75: info: index check proved[#35]
selectionsorted.adb:24:14: info: initialization of "N" proved[#2]
selectionsorted.adb:24:14: info: range check proved[#13]
selectionsorted.adb:31:15: info: precondition proved[#5]
selectionsorted.adb:31:25: info: range check proved[#40]
selectionsorted.adb:32:10: info: precondition proved[#33]
selectionsorted.adb:32:18: info: range check proved[#9]
selectionsorted.adb:32:21: info: initialization of "M" proved[#3]
selectionsorted.adb:33:32: info: loop invariant preservation proved[#31]
selectionsorted.adb:33:32: info: loop invariant initialization proved[#34]
selectionsorted.adb:33:53: info: overflow check proved[#37]
selectionsorted.adb:33:68: info: index check proved[#22]
selectionsorted.adb:33:77: info: overflow check proved[#19]
selectionsorted.adb:33:77: info: index check proved[#42]
selectionsorted.adb:34:32: info: loop invariant preservation proved[#23]
selectionsorted.adb:34:32: info: loop invariant initialization proved[#25]
selectionsorted.adb:34:63: info: index check proved[#38]
selectionsorted.adb:34:71: info: index check proved[#20]
selectionsorted.ads:10:16: info: postcondition proved[#12]
selectionsorted.ads:10:33: info: range check proved[#45]
selectionsorted.ads:10:44: info: index check proved[#41]
selectionsorted.ads:10:48: info: range check proved[#36]
selectionsorted.ads:10:59: info: index check proved[#16]
selectionsorted.ads:15:16: info: postcondition proved[#43]
selectionsorted.ads:15:85: info: index check proved[#8]
selectionsorted.ads:15:99: info: index check proved[#7]
selectionsorted.ads:20:16: info: postcondition proved[#27]
selectionsorted.ads:20:49: info: overflow check proved[#26]
selectionsorted.ads:20:60: info: index check proved[#15]
selectionsorted.ads:20:70: info: overflow check proved[#10]
selectionsorted.ads:20:70: info: index check proved[#32]
