Summary of SPARK analysis
=========================

------------------------------------------------------------------------------------------------------
SPARK Analysis results        Total       Flow   Interval   CodePeer    Provers   Justified   Unproved
------------------------------------------------------------------------------------------------------
Data Dependencies                 .          .          .          .          .           .          .
Flow Dependencies                 .          .          .          .          .           .          .
Initialization                    1          1          .          .          .           .          .
Non-Aliasing                      .          .          .          .          .           .          .
Run-time Checks                   3          .          .          .     3 (Z3)           .          .
Assertions                        .          .          .          .          .           .          .
Functional Contracts              3          .          .          .     3 (Z3)           .          .
LSP Verification                  .          .          .          .          .           .          .
------------------------------------------------------------------------------------------------------
Total                             7    1 (14%)          .          .    6 (86%)           .          .


Analyzed 2 units
in unit main, 0 subprograms and packages out of 1 analyzed
  Main at main.adb:4 skipped
in unit stack_adt, 7 subprograms and packages out of 7 analyzed
  Stack_ADT at stack_adt.ads:1 flow analyzed (0 errors and 0 warnings) and proved (0 checks)
  Stack_ADT.Clear at stack_adt.ads:9 flow analyzed (0 errors and 0 warnings) and proved (1 checks)
  Stack_ADT.Is_Empty at stack_adt.ads:6 flow analyzed (0 errors and 0 warnings) and proved (0 checks)
  Stack_ADT.Is_Full at stack_adt.ads:7 flow analyzed (0 errors and 0 warnings) and proved (0 checks)
  Stack_ADT.Pop at stack_adt.ads:18 flow analyzed (0 errors and 0 warnings) and proved (2 checks)
  Stack_ADT.Push at stack_adt.ads:13 flow analyzed (0 errors and 0 warnings) and proved (2 checks)
  Stack_ADT.Stack at stack_adt.ads:4 flow analyzed (0 errors and 0 warnings) and proved (1 checks)
