Summary of SPARK analysis
=========================

-------------------------------------------------------------------------------------------------------
SPARK Analysis results        Total       Flow   Interval   CodePeer     Provers   Justified   Unproved
-------------------------------------------------------------------------------------------------------
Data Dependencies                 .          .          .          .           .           .          .
Flow Dependencies                 .          .          .          .           .           .          .
Initialization                   12          8          .          .           .           .          4
Non-Aliasing                      .          .          .          .           .           .          .
Run-time Checks                  17          .          .          .     17 (Z3)           .          .
Assertions                        5          .          .          .      5 (Z3)           .          .
Functional Contracts              5          .          .          .      3 (Z3)           .          2
LSP Verification                  .          .          .          .           .           .          .
-------------------------------------------------------------------------------------------------------
Total                            39    8 (21%)          .          .    25 (64%)           .    6 (15%)


Analyzed 2 units
in unit main, 2 subprograms and packages out of 2 analyzed
  Main at main.adb:2 flow analyzed (0 errors and 0 warnings) and proved (1 checks)
  Main.Simple at main.adb:6 flow analyzed (0 errors and 0 warnings) and proved (5 checks)
in unit sorted, 4 subprograms and packages out of 4 analyzed
  Sorted at sorted.ads:1 flow analyzed (0 errors and 0 warnings) and proved (0 checks)
  Sorted.Init at sorted.ads:7 flow analyzed (0 errors and 4 warnings) and proved (7 checks)
  Sorted.Is_Sorted at sorted.ads:12 flow analyzed (0 errors and 0 warnings) and not proved, 8 checks out of 9 proved
  Sorted.Min at sorted.ads:17 flow analyzed (0 errors and 0 warnings) and not proved, 4 checks out of 5 proved
