sorted.adb:10:32: info: loop invariant preservation proved[#15]
sorted.adb:10:32: info: loop invariant initialization proved[#18]
sorted.adb:10:62: medium: "V" might not be initialized[#2]
sorted.adb:10:62: info: initialization of "V" proved[#3]
sorted.adb:10:64: info: index check proved[#17]
sorted.adb:12:22: info: assertion proved[#20]
sorted.adb:12:57: medium: "V" might not be initialized[#4]
sorted.adb:12:59: info: index check proved[#9]
sorted.adb:19:34: info: overflow check proved[#11]
sorted.adb:20:15: info: index check proved[#22]
sorted.adb:20:24: info: overflow check proved[#8]
sorted.adb:20:24: info: index check proved[#12]
sorted.adb:33:24: info: overflow check proved[#25]
sorted.adb:34:15: info: index check proved[#24]
sorted.adb:34:20: info: initialization of "N" proved[#5]
sorted.adb:35:19: info: index check proved[#21]
sorted.adb:39:14: info: initialization of "N" proved[#6]
sorted.ads:7:20: medium: "V" might not be initialized in "Init"[#0]
sorted.ads:10:16: info: postcondition proved[#23]
sorted.ads:10:42: medium: "V" might not be initialized[#1]
sorted.ads:10:44: info: index check proved[#26]
sorted.ads:15:16: medium: postcondition might fail[#19]
sorted.ads:15:58: info: overflow check proved[#13]
sorted.ads:15:78: info: index check proved[#16]
sorted.ads:15:88: info: overflow check proved[#10]
sorted.ads:15:88: info: index check proved[#14]
sorted.ads:20:41: medium: postcondition might fail, cannot prove Min'Result <= V(X)[#27]
sorted.ads:20:58: info: index check proved[#7]
